Arguments: 
  C:\Program Files\nodejs\node.exe C:\Users\youyao.xu\AppData\Roaming\npm\node_modules\yarn\bin\yarn.js init

PATH: 
  C:\Users\youyao.xu\bin;C:\Program Files\Git\mingw64\bin;C:\Program Files\Git\usr\local\bin;C:\Program Files\Git\usr\bin;C:\Program Files\Git\usr\bin;C:\Program Files\Git\mingw64\bin;C:\Program Files\Git\usr\bin;C:\Users\youyao.xu\bin;C:\Program Files (x86)\Common Files\Oracle\Java\javapath;C:\Program Files\Common Files\Oracle\Java\javapath;C:\WINDOWS\system32;C:\WINDOWS;C:\WINDOWS\System32\Wbem;C:\WINDOWS\System32\WindowsPowerShell\v1.0;C:\WINDOWS\System32\OpenSSH;C:\Program Files\Git\cmd;C:\Program Files\Java\jdk-11.0.1\bin;C:\Program Files\Java\jdk-11.0.1\jre\bin;D:\MySoftware\apache-maven-3.8.3\bin;C:\Program Files\nodejs;C:\Users\youyao.xu\AppData\Local\Programs\Python\Python310\Scripts;C:\Users\youyao.xu\AppData\Local\Programs\Python\Python310;C:\Users\youyao.xu\AppData\Local\Microsoft\WindowsApps;C:\Users\youyao.xu\AppData\Local\Programs\Microsoft VS Code\bin;C:\Users\youyao.xu\AppData\Roaming\npm;C:\Users\youyao.xu\AppData\Local\Pandoc;C:\Program Files\Git\usr\bin\vendor_perl;C:\Program Files\Git\usr\bin\core_perl

Yarn version: 
  1.22.15

Node version: 
  16.13.0

Platform: 
  win32 x64

Trace: 
  Error: Can't answer a question unless a user TTY
      at ConsoleReporter.question (C:\Users\youyao.xu\AppData\Roaming\npm\node_modules\yarn\lib\cli.js:92859:59)
      at Object.<anonymous> (C:\Users\youyao.xu\AppData\Roaming\npm\node_modules\yarn\lib\cli.js:85049:38)
      at Generator.next (<anonymous>)
      at step (C:\Users\youyao.xu\AppData\Roaming\npm\node_modules\yarn\lib\cli.js:310:30)
      at C:\Users\youyao.xu\AppData\Roaming\npm\node_modules\yarn\lib\cli.js:321:13
      at processTicksAndRejections (node:internal/process/task_queues:96:5)

npm manifest: 
  No manifest

yarn manifest: 
  No manifest

Lockfile: 
  No lockfile
